# JRE version: Java(TM) SE Runtime Environment (8.0_101-b13) (build 1.8.0_101-b13)
# Java VM: Java HotSpot(TM) 64-Bit Server VM (25.101-b13 mixed mode windows-amd64 compressed oops)
Heap:
 PSYoungGen      total 92672K, used 18576K [0x000000076b400000, 0x0000000773000000, 0x00000007c0000000)
  eden space 81920K, 10% used [0x000000076b400000,0x000000076bc67938,0x0000000770400000)
  from space 10752K, 92% used [0x0000000770900000,0x00000007712bc7c8,0x0000000771380000)
  to   space 22528K, 0% used [0x0000000771a00000,0x0000000771a00000,0x0000000773000000)
 ParOldGen       total 109568K, used 26952K [0x00000006c1c00000, 0x00000006c8700000, 0x000000076b400000)
  object space 109568K, 24% used [0x00000006c1c00000,0x00000006c3652310,0x00000006c8700000)
 Metaspace       used 33875K, capacity 34212K, committed 34688K, reserved 1079296K
  class space    used 4546K, capacity 4651K, committed 4736K, reserved 1048576K
GC Heap History (10 events):
Event: 1.941 GC heap before
{Heap before GC invocations=2 (full 0):
 PSYoungGen      total 76288K, used 31660K [0x000000076b400000, 0x0000000770900000, 0x00000007c0000000)
  eden space 65536K, 37% used [0x000000076b400000,0x000000076cbf2060,0x000000076f400000)
  from space 10752K, 66% used [0x000000076f400000,0x000000076faf90c8,0x000000076fe80000)
  to   space 10752K, 0% used [0x000000076fe80000,0x000000076fe80000,0x0000000770900000)
 ParOldGen       total 175104K, used 80K [0x00000006c1c00000, 0x00000006cc700000, 0x000000076b400000)
  object space 175104K, 0% used [0x00000006c1c00000,0x00000006c1c14010,0x00000006cc700000)
 Metaspace       used 20815K, capacity 20998K, committed 21248K, reserved 1067008K
  class space    used 2968K, capacity 3040K, committed 3072K, reserved 1048576K
Event: 1.948 GC heap after
Heap after GC invocations=2 (full 0):
 PSYoungGen      total 76288K, used 5242K [0x000000076b400000, 0x0000000774900000, 0x00000007c0000000)
  eden space 65536K, 0% used [0x000000076b400000,0x000000076b400000,0x000000076f400000)
  from space 10752K, 48% used [0x000000076fe80000,0x000000077039e898,0x0000000770900000)
  to   space 10752K, 0% used [0x000000076f400000,0x000000076f400000,0x000000076fe80000)
 ParOldGen       total 175104K, used 88K [0x00000006c1c00000, 0x00000006cc700000, 0x000000076b400000)
  object space 175104K, 0% used [0x00000006c1c00000,0x00000006c1c16010,0x00000006cc700000)
 Metaspace       used 20815K, capacity 20998K, committed 21248K, reserved 1067008K
  class space    used 2968K, capacity 3040K, committed 3072K, reserved 1048576K
}
Event: 1.948 GC heap before
{Heap before GC invocations=3 (full 1):
 PSYoungGen      total 76288K, used 5242K [0x000000076b400000, 0x0000000774900000, 0x00000007c0000000)
  eden space 65536K, 0% used [0x000000076b400000,0x000000076b400000,0x000000076f400000)
  from space 10752K, 48% used [0x000000076fe80000,0x000000077039e898,0x0000000770900000)
  to   space 10752K, 0% used [0x000000076f400000,0x000000076f400000,0x000000076fe80000)
 ParOldGen       total 175104K, used 88K [0x00000006c1c00000, 0x00000006cc700000, 0x000000076b400000)
  object space 175104K, 0% used [0x00000006c1c00000,0x00000006c1c16010,0x00000006cc700000)
 Metaspace       used 20815K, capacity 20998K, committed 21248K, reserved 1067008K
  class space    used 2968K, capacity 3040K, committed 3072K, reserved 1048576K
Event: 1.981 GC heap after
Heap after GC invocations=3 (full 1):
 PSYoungGen      total 76288K, used 0K [0x000000076b400000, 0x0000000774900000, 0x00000007c0000000)
  eden space 65536K, 0% used [0x000000076b400000,0x000000076b400000,0x000000076f400000)
  from space 10752K, 0% used [0x000000076fe80000,0x000000076fe80000,0x0000000770900000)
  to   space 10752K, 0% used [0x000000076f400000,0x000000076f400000,0x000000076fe80000)
 ParOldGen       total 109568K, used 5119K [0x00000006c1c00000, 0x00000006c8700000, 0x000000076b400000)
  object space 109568K, 4% used [0x00000006c1c00000,0x00000006c20ffd98,0x00000006c8700000)
 Metaspace       used 20815K, capacity 20998K, committed 21248K, reserved 1067008K
  class space    used 2968K, capacity 3040K, committed 3072K, reserved 1048576K
}
Event: 16.774 GC heap before
{Heap before GC invocations=4 (full 1):
 PSYoungGen      total 76288K, used 65473K [0x000000076b400000, 0x0000000774900000, 0x00000007c0000000)
  eden space 65536K, 99% used [0x000000076b400000,0x000000076f3f05c0,0x000000076f400000)
  from space 10752K, 0% used [0x000000076fe80000,0x000000076fe80000,0x0000000770900000)
  to   space 10752K, 0% used [0x000000076f400000,0x000000076f400000,0x000000076fe80000)
 ParOldGen       total 109568K, used 5119K [0x00000006c1c00000, 0x00000006c8700000, 0x000000076b400000)
  object space 109568K, 4% used [0x00000006c1c00000,0x00000006c20ffd98,0x00000006c8700000)
 Metaspace       used 30043K, capacity 30424K, committed 30720K, reserved 1075200K
  class space    used 4221K, capacity 4319K, committed 4352K, reserved 1048576K
Event: 16.785 GC heap after
Heap after GC invocations=4 (full 1):
 PSYoungGen      total 76288K, used 10739K [0x000000076b400000, 0x0000000771e00000, 0x00000007c0000000)
  eden space 65536K, 0% used [0x000000076b400000,0x000000076b400000,0x000000076f400000)
  from space 10752K, 99% used [0x000000076f400000,0x000000076fe7cd98,0x000000076fe80000)
  to   space 10752K, 0% used [0x0000000771380000,0x0000000771380000,0x0000000771e00000)
 ParOldGen       total 109568K, used 12083K [0x00000006c1c00000, 0x00000006c8700000, 0x000000076b400000)
  object space 109568K, 11% used [0x00000006c1c00000,0x00000006c27ccfe8,0x00000006c8700000)
 Metaspace       used 30043K, capacity 30424K, committed 30720K, reserved 1075200K
  class space    used 4221K, capacity 4319K, committed 4352K, reserved 1048576K
}
Event: 36.496 GC heap before
{Heap before GC invocations=5 (full 1):
 PSYoungGen      total 76288K, used 76270K [0x000000076b400000, 0x0000000771e00000, 0x00000007c0000000)
  eden space 65536K, 99% used [0x000000076b400000,0x000000076f3fec30,0x000000076f400000)
  from space 10752K, 99% used [0x000000076f400000,0x000000076fe7cd98,0x000000076fe80000)
  to   space 10752K, 0% used [0x0000000771380000,0x0000000771380000,0x0000000771e00000)
 ParOldGen       total 109568K, used 12083K [0x00000006c1c00000, 0x00000006c8700000, 0x000000076b400000)
  object space 109568K, 11% used [0x00000006c1c00000,0x00000006c27ccfe8,0x00000006c8700000)
 Metaspace       used 32841K, capacity 33204K, committed 33536K, reserved 1079296K
  class space    used 4465K, capacity 4579K, committed 4608K, reserved 1048576K
Event: 36.506 GC heap after
Heap after GC invocations=5 (full 1):
 PSYoungGen      total 94208K, used 10738K [0x000000076b400000, 0x0000000771e00000, 0x00000007c0000000)
  eden space 83456K, 0% used [0x000000076b400000,0x000000076b400000,0x0000000770580000)
  from space 10752K, 99% used [0x0000000771380000,0x0000000771dfc908,0x0000000771e00000)
  to   space 10752K, 0% used [0x0000000770900000,0x0000000770900000,0x0000000771380000)
 ParOldGen       total 109568K, used 20400K [0x00000006c1c00000, 0x00000006c8700000, 0x000000076b400000)
  object space 109568K, 18% used [0x00000006c1c00000,0x00000006c2fec280,0x00000006c8700000)
 Metaspace       used 32841K, capacity 33204K, committed 33536K, reserved 1079296K
  class space    used 4465K, capacity 4579K, committed 4608K, reserved 1048576K
}
Event: 98.976 GC heap before
{Heap before GC invocations=6 (full 1):
 PSYoungGen      total 94208K, used 94194K [0x000000076b400000, 0x0000000771e00000, 0x00000007c0000000)
  eden space 83456K, 100% used [0x000000076b400000,0x0000000770580000,0x0000000770580000)
  from space 10752K, 99% used [0x0000000771380000,0x0000000771dfc908,0x0000000771e00000)
  to   space 10752K, 0% used [0x0000000770900000,0x0000000770900000,0x0000000771380000)
 ParOldGen       total 109568K, used 20400K [0x00000006c1c00000, 0x00000006c8700000, 0x000000076b400000)
  object space 109568K, 18% used [0x00000006c1c00000,0x00000006c2fec280,0x00000006c8700000)
 Metaspace       used 33821K, capacity 34176K, committed 34688K, reserved 1079296K
  class space    used 4536K, capacity 4639K, committed 4736K, reserved 1048576K
Event: 98.985 GC heap after
Heap after GC invocations=6 (full 1):
 PSYoungGen      total 92672K, used 9969K [0x000000076b400000, 0x0000000773000000, 0x00000007c0000000)
  eden space 81920K, 0% used [0x000000076b400000,0x000000076b400000,0x0000000770400000)
  from space 10752K, 92% used [0x0000000770900000,0x00000007712bc7c8,0x0000000771380000)
  to   space 22528K, 0% used [0x0000000771a00000,0x0000000771a00000,0x0000000773000000)
 ParOldGen       total 109568K, used 26952K [0x00000006c1c00000, 0x00000006c8700000, 0x000000076b400000)
  object space 109568K, 24% used [0x00000006c1c00000,0x00000006c3652310,0x00000006c8700000)
 Metaspace       used 33821K, capacity 34176K, committed 34688K, reserved 1079296K
  class space    used 4536K, capacity 4639K, committed 4736K, reserved 1048576K
}

